<?xml version="1.0" encoding="UTF-8"?>
<!-- Generated by org.testng.reporters.JUnitReportReporter -->
<testsuite skipped="0" hostname="Venkatesh" name="resources.excelDataDriven" tests="1" failures="0" timestamp="2020-11-13T23:52:20 IST" time="3.987" errors="0">
  <testcase name="getExcelData" time="3.987" classname="resources.excelDataDriven"/>
  <system-out/>
</testsuite> <!-- resources.excelDataDriven -->
