<?xml version="1.0" encoding="UTF-8"?>
<!-- Generated by org.testng.reporters.JUnitReportReporter -->
<testsuite skipped="0" hostname="Venkatesh" name="TestCases.homePage" tests="1" failures="0" timestamp="2020-11-11T14:21:41 IST" time="0.231" errors="0">
  <testcase name="homePage" time="0.231" classname="TestCases.homePage"/>
  <system-out/>
</testsuite> <!-- TestCases.homePage -->
