<?xml version="1.0" encoding="UTF-8"?>
<!-- Generated by org.testng.reporters.JUnitReportReporter -->
<testsuite skipped="0" hostname="Venkatesh" name="TestCases.loginPage" tests="2" failures="0" timestamp="2020-11-11T14:57:10 IST" time="5.419" errors="0">
  <testcase name="login" time="2.799" classname="TestCases.loginPage"/>
  <system-out/>
  <testcase name="login" time="2.620" classname="TestCases.loginPage"/>
  <system-out/>
</testsuite> <!-- TestCases.loginPage -->
