<?xml version="1.0" encoding="UTF-8"?>
<!-- Generated by org.testng.reporters.JUnitReportReporter -->
<testsuite skipped="0" hostname="Venkatesh" name="TestCases.AutoITPage" tests="1" failures="0" timestamp="2020-11-12T13:54:07 IST" time="8.387" errors="0">
  <testcase name="authWin" time="8.387" classname="TestCases.AutoITPage"/>
  <system-out/>
</testsuite> <!-- TestCases.AutoITPage -->
