<?xml version="1.0" encoding="UTF-8"?>
<!-- Generated by org.testng.reporters.JUnitReportReporter -->
<testsuite skipped="0" hostname="Venkatesh" name="TestCases.loginPage" tests="2" failures="0" timestamp="2020-11-12T13:22:54 IST" time="7.227" errors="0">
  <testcase name="login" time="2.327" classname="TestCases.loginPage"/>
  <system-out/>
  <testcase name="login" time="4.900" classname="TestCases.loginPage"/>
  <system-out/>
</testsuite> <!-- TestCases.loginPage -->
